\BOOKMARK [1][-]{section.1}{專案背景及目的}{}% 1
\BOOKMARK [1][-]{section.2}{專案假設與限制}{}% 2
\BOOKMARK [1][-]{section.3}{專案範圍}{}% 3
\BOOKMARK [2][-]{subsection.3.1}{功能性需求}{section.3}% 4
\BOOKMARK [2][-]{subsection.3.2}{非功能性需求}{section.3}% 5
\BOOKMARK [1][-]{section.4}{解決方案}{}% 6
\BOOKMARK [2][-]{subsection.4.1}{系統架構}{section.4}% 7
\BOOKMARK [3][-]{subsubsection.4.1.1}{登入模組}{subsection.4.1}% 8
\BOOKMARK [3][-]{subsubsection.4.1.2}{個人資料管理模組}{subsection.4.1}% 9
\BOOKMARK [3][-]{subsubsection.4.1.3}{搜尋模組}{subsection.4.1}% 10
\BOOKMARK [3][-]{subsubsection.4.1.4}{關係建立模組}{subsection.4.1}% 11
\BOOKMARK [3][-]{subsubsection.4.1.5}{討論區模組}{subsection.4.1}% 12
\BOOKMARK [3][-]{subsubsection.4.1.6}{訂閱模組}{subsection.4.1}% 13
\BOOKMARK [3][-]{subsubsection.4.1.7}{使用者列表模組}{subsection.4.1}% 14
\BOOKMARK [2][-]{subsection.4.2}{資料庫架構}{section.4}% 15
\BOOKMARK [3][-]{subsubsection.4.2.1}{個人資料管理模組}{subsection.4.2}% 16
\BOOKMARK [3][-]{subsubsection.4.2.2}{關係建立模組}{subsection.4.2}% 17
\BOOKMARK [3][-]{subsubsection.4.2.3}{討論區模組}{subsection.4.2}% 18
\BOOKMARK [3][-]{subsubsection.4.2.4}{訂閱模組}{subsection.4.2}% 19
\BOOKMARK [2][-]{subsection.4.3}{使用套裝軟體及開發工具、程式語言}{section.4}% 20
\BOOKMARK [2][-]{subsection.4.4}{系統環境需求}{section.4}% 21
